TN:
SF:src\router.ts
FN:22,(anonymous_0)
FN:33,(anonymous_1)
FNF:2
FNH:2
FNDA:4,(anonymous_0)
FNDA:5,(anonymous_1)
DA:1,2
DA:2,2
DA:3,2
DA:4,2
DA:6,2
DA:11,2
DA:12,2
DA:18,2
DA:22,4
DA:28,2
DA:33,5
DA:40,2
DA:46,2
DA:53,2
LF:14
LH:14
BRF:0
BRH:0
end_of_record
TN:
SF:src\server.ts
FN:7,connectDB
FN:29,(anonymous_2)
FNF:2
FNH:2
FNDA:3,connectDB
FNDA:1,(anonymous_2)
DA:1,2
DA:2,2
DA:3,2
DA:4,2
DA:7,2
DA:8,3
DA:9,3
DA:10,2
DA:14,1
DA:18,2
DA:21,2
DA:25,2
DA:27,2
DA:29,2
DA:30,1
DA:33,2
LF:16
LH:16
BRF:0
BRH:0
end_of_record
TN:
SF:src\config\db.ts
FNF:0
FNH:0
DA:1,2
DA:2,2
DA:4,2
DA:6,2
DA:11,2
LF:5
LH:5
BRF:0
BRH:0
end_of_record
TN:
SF:src\handlers\product.ts
FN:6,(anonymous_1)
FN:15,(anonymous_2)
FN:31,(anonymous_3)
FN:37,(anonymous_4)
FN:59,(anonymous_5)
FN:81,(anonymous_6)
FNF:6
FNH:6
FNDA:2,(anonymous_1)
FNDA:2,(anonymous_2)
FNDA:1,(anonymous_3)
FNDA:2,(anonymous_4)
FNDA:2,(anonymous_5)
FNDA:2,(anonymous_6)
DA:3,2
DA:6,2
DA:7,2
DA:12,2
DA:15,2
DA:16,2
DA:17,2
DA:23,2
DA:24,1
DA:25,1
DA:28,1
DA:31,2
DA:33,1
DA:34,1
DA:37,2
DA:39,2
DA:40,2
DA:46,2
DA:47,1
DA:48,1
DA:52,1
DA:53,1
DA:56,1
DA:59,2
DA:61,2
DA:62,2
DA:68,2
DA:69,1
DA:70,1
DA:74,1
DA:75,1
DA:78,1
DA:81,2
DA:83,2
DA:84,2
DA:90,2
DA:91,1
DA:92,1
DA:95,1
DA:96,1
LF:40
LH:40
BRDA:23,0,0,1
BRDA:46,1,0,1
BRDA:68,2,0,1
BRDA:90,3,0,1
BRF:4
BRH:4
end_of_record
TN:
SF:src\middleware\index.ts
FN:4,(anonymous_0)
FNF:1
FNH:1
FNDA:17,(anonymous_0)
DA:2,2
DA:4,2
DA:6,17
DA:7,17
DA:8,8
DA:9,8
DA:12,9
LF:7
LH:7
BRDA:7,0,0,8
BRF:1
BRH:1
end_of_record
TN:
SF:src\models\Product.model.ts
FNF:0
FNH:0
DA:1,3
DA:7,3
DA:11,3
DA:16,3
DA:22,3
DA:25,3
LF:6
LH:6
BRF:0
BRH:0
end_of_record
